<?xml version="1.0" encoding="UTF-8" ?>
<testsuite failures="1" time="0.051" errors="0" skipped="0" tests="3" name="facade.AdvogadoFacadeTest">
  <properties>
[...]
</properties>
  <testcase time="0.026" classname="facade.AdvogadoFacadeTest" name="testCriarCliente"/>
  <testcase time="0.007" classname="facade.AdvogadoFacadeTest" name="testPesquisarPorNome"/>
  <testcase time="0.011" classname="facade.AdvogadoFacadeTest" name="testGetAtributo">
    <failure message="expected:&lt;[João Pesso]a&gt; but was:&lt;[Campin]a&gt;" type="org.junit.ComparisonFailure">org.junit.ComparisonFailure: expected:&lt;[João Pesso]a&gt; but was:&lt;[Campin]a&gt;
	at org.junit.Assert.assertEquals(Assert.java:123)
	at org.junit.Assert.assertEquals(Assert.java:145)
	at facade.AdvogadoFacadeTest.testGetAtributo(AdvogadoFacadeTest.java:100)
	at sun.reflect.NativeMethodAccessorImpl.invoke0(Native Method)
	at sun.reflect.NativeMethodAccessorImpl.invoke(NativeMethodAccessorImpl.java:39)
	at sun.reflect.DelegatingMethodAccessorImpl.invoke(DelegatingMethodAccessorImpl.java:25)
	at java.lang.reflect.Method.invoke(Method.java:597)
	at org.junit.runners.model.FrameworkMethod$1.runReflectiveCall(FrameworkMethod.java:44)
	at org.junit.internal.runners.model.ReflectiveCallable.run(ReflectiveCallable.java:15)
	at org.junit.runners.model.FrameworkMethod.invokeExplosively(FrameworkMethod.java:41)
	at org.junit.internal.runners.statements.InvokeMethod.evaluate(InvokeMethod.java:20)
	at org.junit.internal.runners.statements.RunBefores.evaluate(RunBefores.java:28)
	at org.junit.internal.runners.statements.RunAfters.evaluate(RunAfters.java:31)
	at org.junit.runners.BlockJUnit4ClassRunner.runChild(BlockJUnit4ClassRunner.java:73)
	at org.junit.runners.BlockJUnit4ClassRunner.runChild(BlockJUnit4ClassRunner.java:46)
	at org.junit.runners.ParentRunner.runChildren(ParentRunner.java:180)
	at org.junit.runners.ParentRunner.access$000(ParentRunner.java:41)
	at org.junit.runners.ParentRunner$1.evaluate(ParentRunner.java:173)
	at org.junit.internal.runners.statements.RunBefores.evaluate(RunBefores.java:28)
	at org.junit.internal.runners.statements.RunAfters.evaluate(RunAfters.java:31)
	at org.junit.runners.ParentRunner.run(ParentRunner.java:220)
	at org.apache.maven.surefire.junit4.JUnit4TestSet.execute(JUnit4TestSet.java:62)
	at org.apache.maven.surefire.suite.AbstractDirectoryTestSuite.executeTestSet(AbstractDirectoryTestSuite.java:140)
	at org.apache.maven.surefire.suite.AbstractDirectoryTestSuite.execute(AbstractDirectoryTestSuite.java:127)
	at org.apache.maven.surefire.Surefire.run(Surefire.java:177)
	at sun.reflect.NativeMethodAccessorImpl.invoke0(Native Method)
	at sun.reflect.NativeMethodAccessorImpl.invoke(NativeMethodAccessorImpl.java:39)
	at sun.reflect.DelegatingMethodAccessorImpl.invoke(DelegatingMethodAccessorImpl.java:25)
	at java.lang.reflect.Method.invoke(Method.java:597)
	at org.apache.maven.surefire.booter.SurefireBooter.runSuitesInProcess(SurefireBooter.java:338)
	at org.apache.maven.surefire.booter.SurefireBooter.main(SurefireBooter.java:997)
</failure>
    <system-out>getAtributo - Nome
Hibernate: select cliente0_.id as id0_, cliente0_.bairro as bairro0_, cliente0_.celular as celular0_, cliente0_.cep as cep0_, cliente0_.cidade as cidade0_, cliente0_.cpf as cpf0_, cliente0_.email as email0_, cliente0_.endereco as endereco0_, cliente0_.nome as nome0_, cliente0_.posicao as posicao0_, cliente0_.preposto as preposto0_, cliente0_.rg as rg0_, cliente0_.telefone as telefone0_, cliente0_.uf as uf0_, cliente0_.visita as visita0_ from Cliente cliente0_ where cliente0_.id=?
getAtributo - Cidade
Hibernate: select cliente0_.id as id0_, cliente0_.bairro as bairro0_, cliente0_.celular as celular0_, cliente0_.cep as cep0_, cliente0_.cidade as cidade0_, cliente0_.cpf as cpf0_, cliente0_.email as email0_, cliente0_.endereco as endereco0_, cliente0_.nome as nome0_, cliente0_.posicao as posicao0_, cliente0_.preposto as preposto0_, cliente0_.rg as rg0_, cliente0_.telefone as telefone0_, cliente0_.uf as uf0_, cliente0_.visita as visita0_ from Cliente cliente0_ where cliente0_.id=?
</system-out>
  </testcase>
</testsuite>